2023-04-14T06:06:05.356237Z 0 [Warning] [MY-010097] [Server] Insecure configuration for --secure-file-priv: Current value does not restrict location of generated files. Consider setting it to a valid, non-empty path.
2023-04-14T06:06:05.356278Z 0 [Warning] [MY-010918] [Server] 'default_authentication_plugin' is deprecated and will be removed in a future release. Please use authentication_policy instead.
2023-04-14T06:06:05.356308Z 0 [System] [MY-010116] [Server] C:\laragon\bin\mysql\mysql-8.0.30-winx64\bin\mysqld (mysqld 8.0.30) starting as process 12148
2023-04-14T06:06:06.471528Z 1 [System] [MY-013576] [InnoDB] InnoDB initialization has started.
2023-04-14T06:06:06.473448Z 1 [ERROR] [MY-012271] [InnoDB] The innodb_system data file 'ibdata1' must be writable
2023-04-14T06:06:06.676794Z 1 [ERROR] [MY-012278] [InnoDB] The innodb_system data file 'ibdata1' must be writable
2023-04-14T06:06:06.677594Z 1 [ERROR] [MY-010334] [Server] Failed to initialize DD Storage Engine
2023-04-14T06:06:07.637798Z 0 [ERROR] [MY-010020] [Server] Data Dictionary initialization failed.
2023-04-14T06:06:07.638533Z 0 [ERROR] [MY-010119] [Server] Aborting
2023-04-14T06:06:07.642553Z 0 [System] [MY-010910] [Server] C:\laragon\bin\mysql\mysql-8.0.30-winx64\bin\mysqld: Shutdown complete (mysqld 8.0.30)  MySQL Community Server - GPL.
2023-04-14T06:46:55.665715Z 0 [Warning] [MY-010097] [Server] Insecure configuration for --secure-file-priv: Current value does not restrict location of generated files. Consider setting it to a valid, non-empty path.
2023-04-14T06:46:55.665829Z 0 [Warning] [MY-010918] [Server] 'default_authentication_plugin' is deprecated and will be removed in a future release. Please use authentication_policy instead.
2023-04-14T06:46:55.665900Z 0 [System] [MY-010116] [Server] C:\laragon\bin\mysql\mysql-8.0.30-winx64\bin\mysqld (mysqld 8.0.30) starting as process 10188
2023-04-14T06:46:55.749635Z 1 [System] [MY-013576] [InnoDB] InnoDB initialization has started.
2023-04-14T06:47:08.707182Z 1 [System] [MY-013577] [InnoDB] InnoDB initialization has ended.
2023-04-14T06:47:16.434243Z 0 [Warning] [MY-013829] [Server] Missing data directory for ICU regular expressions: C:\laragon\bin\mysql\mysql-8.0.30-winx64\lib\private\.
2023-04-14T06:47:16.949370Z 0 [Warning] [MY-010068] [Server] CA certificate ca.pem is self signed.
2023-04-14T06:47:16.950742Z 0 [System] [MY-013602] [Server] Channel mysql_main configured to support TLS. Encrypted connections are now supported for this channel.
2023-04-14T06:47:22.547401Z 0 [System] [MY-011323] [Server] X Plugin ready for connections. Bind-address: '::' port: 33060
2023-04-14T06:47:22.547612Z 0 [System] [MY-010931] [Server] C:\laragon\bin\mysql\mysql-8.0.30-winx64\bin\mysqld: ready for connections. Version: '8.0.30'  socket: ''  port: 3306  MySQL Community Server - GPL.
2023-04-14T09:03:54.610742Z 8 [System] [MY-013172] [Server] Received SHUTDOWN from user root. Shutting down mysqld (Version: 8.0.30).
2023-04-14T09:03:54.643899Z 0 [System] [MY-013105] [Server] C:\laragon\bin\mysql\mysql-8.0.30-winx64\bin\mysqld: Normal shutdown.
2023-04-14T09:03:57.405411Z 0 [System] [MY-010910] [Server] C:\laragon\bin\mysql\mysql-8.0.30-winx64\bin\mysqld: Shutdown complete (mysqld 8.0.30)  MySQL Community Server - GPL.
2023-04-14T12:54:44.837674Z 0 [Warning] [MY-010097] [Server] Insecure configuration for --secure-file-priv: Current value does not restrict location of generated files. Consider setting it to a valid, non-empty path.
2023-04-14T12:54:44.908938Z 0 [Warning] [MY-010918] [Server] 'default_authentication_plugin' is deprecated and will be removed in a future release. Please use authentication_policy instead.
2023-04-14T12:54:44.909002Z 0 [System] [MY-010116] [Server] C:\laragon\bin\mysql\mysql-8.0.30-winx64\bin\mysqld (mysqld 8.0.30) starting as process 5732
2023-04-14T12:54:47.911141Z 1 [System] [MY-013576] [InnoDB] InnoDB initialization has started.
2023-04-14T12:55:05.044277Z 1 [System] [MY-013577] [InnoDB] InnoDB initialization has ended.
2023-04-14T12:55:15.384956Z 0 [Warning] [MY-013829] [Server] Missing data directory for ICU regular expressions: C:\laragon\bin\mysql\mysql-8.0.30-winx64\lib\private\.
2023-04-14T12:55:20.221173Z 0 [Warning] [MY-010068] [Server] CA certificate ca.pem is self signed.
2023-04-14T12:55:20.221878Z 0 [System] [MY-013602] [Server] Channel mysql_main configured to support TLS. Encrypted connections are now supported for this channel.
2023-04-14T12:55:25.753253Z 0 [System] [MY-011323] [Server] X Plugin ready for connections. Bind-address: '::' port: 33060
2023-04-14T12:55:25.753390Z 0 [System] [MY-010931] [Server] C:\laragon\bin\mysql\mysql-8.0.30-winx64\bin\mysqld: ready for connections. Version: '8.0.30'  socket: ''  port: 3306  MySQL Community Server - GPL.
2023-04-15T04:52:16.698545Z 0 [Warning] [MY-010097] [Server] Insecure configuration for --secure-file-priv: Current value does not restrict location of generated files. Consider setting it to a valid, non-empty path.
2023-04-15T04:52:16.700776Z 0 [Warning] [MY-010918] [Server] 'default_authentication_plugin' is deprecated and will be removed in a future release. Please use authentication_policy instead.
2023-04-15T04:52:16.700867Z 0 [System] [MY-010116] [Server] C:\laragon\bin\mysql\mysql-8.0.30-winx64\bin\mysqld (mysqld 8.0.30) starting as process 5520
2023-04-15T04:52:17.380709Z 1 [System] [MY-013576] [InnoDB] InnoDB initialization has started.
